<?xml version="1.0" encoding="UTF-8"?>
<!-- Generated by org.testng.reporters.JUnitReportReporter -->
<testsuite skipped="0" hostname="DESKTOP-3ORHPO1" name="com.ultimateqa.courses.testsuite.LoginPageTest" tests="1" failures="0" timestamp="2022-12-13T08:52:49 GMT" time="10.153" errors="0">
  <testcase name="verifyTheErrorMessage" time="10.153" classname="com.ultimateqa.courses.testsuite.LoginPageTest"/>
  <system-out>
    <![CDATA[click the sign in link [[ChromeDriver: chrome on WINDOWS (ad0ad1e95b88a638c89df8052b3f6892)] -> xpath: //a[contains(text(),'Sign In')]]
enter email to the email fieldpraidp123@gmail.com[[ChromeDriver: chrome on WINDOWS (ad0ad1e95b88a638c89df8052b3f6892)] -> id: user[email]]
enter password to the password fieldtest123[[ChromeDriver: chrome on WINDOWS (ad0ad1e95b88a638c89df8052b3f6892)] -> name: user[password]]
click to sign in button[[ChromeDriver: chrome on WINDOWS (ad0ad1e95b88a638c89df8052b3f6892)] -> xpath: //button[contains(text(),'Sign in')]]
verify the error message[[ChromeDriver: chrome on WINDOWS (ad0ad1e95b88a638c89df8052b3f6892)] -> xpath: //li[contains(text(),'Invalid email or password.')]]]]>
  </system-out>
</testsuite> <!-- com.ultimateqa.courses.testsuite.LoginPageTest -->
